<?xml version="1.0" encoding="UTF-8"?>
<!-- Generated by org.testng.reporters.JUnitXMLReporter -->
<testsuite ignored="0" hostname="DESKTOP-NU41AKO" failures="0" tests="4" name="Surefire test" time="36.179" errors="0" timestamp="2025-09-07T04:18:01 EEST">
  <testcase classname="aqa_hw_10.CartTests" name="searchAndAddProductToCart" time="10.28"/>
  <testcase classname="aqa_hw_10.LoginTests" name="invalidLoginShowsErrorMessage" time="5.815"/>
  <testcase classname="aqa_hw_10.PromotionsTests" name="openPromotionsAndCheckPromotionsExist" time="5.632"/>
  <testcase classname="aqa_hw_10.SearchTests" name="searchProductAndVerifyResult" time="10.104"/>
</testsuite> <!-- Surefire test -->
